[25Aug2024 00:04:09.897] [Server thread/INFO] [net.minecraft.server.MinecraftServer/]: [George_with_a_J: Set the time to 1000]
[25Aug2024 00:04:49.650] [Server thread/INFO] [net.minecraft.server.MinecraftServer/]: George_with_a_J has made the advancement [Isn't It Iron Pick]
[25Aug2024 00:13:39.651] [Server thread/INFO] [net.minecraft.server.MinecraftServer/]: [George_with_a_J: Set the time to 1000]
[25Aug2024 00:20:01.817] [Server thread/INFO] [net.minecraft.server.MinecraftServer/]: ErinNyx has made the advancement [Monster Hunter]
[25Aug2024 00:21:05.249] [Server thread/INFO] [net.minecraft.server.MinecraftServer/]: ErinNyx fell from a high place
[25Aug2024 00:23:06.445] [Server thread/INFO] [net.minecraft.server.MinecraftServer/]: [George_with_a_J: Set the time to 1000]
[25Aug2024 00:24:02.651] [Server thread/INFO] [net.minecraft.server.MinecraftServer/]: [ErinNyx: Teleported ErinNyx to George_with_a_J]
[25Aug2024 00:24:11.626] [Server thread/INFO] [net.minecraft.server.MinecraftServer/]: George_with_a_J was slain by ErinNyx
[25Aug2024 00:24:18.335] [Server thread/INFO] [net.minecraft.server.MinecraftServer/]: ErinNyx was slain by Wolf
[25Aug2024 00:29:12.550] [Server thread/INFO] [net.minecraft.server.MinecraftServer/]: ErinNyx has made the advancement [Diamonds!]
[25Aug2024 00:29:22.772] [Server thread/INFO] [net.minecraft.server.MinecraftServer/]: ErinNyx has made the advancement [Sneak 100]
[25Aug2024 00:32:30.356] [Server thread/INFO] [net.minecraft.server.MinecraftServer/]: [George_with_a_J: Set the time to 1000]
[25Aug2024 00:36:40.899] [Server thread/INFO] [net.minecraft.server.MinecraftServer/]: ErinNyx was slain by Warden
[25Aug2024 00:37:24.717] [Server thread/INFO] [net.minecraft.server.MinecraftServer/]: ErinNyx has made the advancement [The Cutest Predator]
[25Aug2024 00:38:03.841] [Server thread/INFO] [net.minecraft.server.MinecraftServer/]: ErinNyx was slain by Zombie
[25Aug2024 00:41:52.678] [Server thread/INFO] [net.minecraft.server.MinecraftServer/]: [George_with_a_J: Set the time to 1000]
[25Aug2024 00:42:17.075] [Server thread/INFO] [net.minecraft.server.MinecraftServer/]: [George_with_a_J: Gave 1 [Bucket] to ErinNyx]
[25Aug2024 00:42:26.513] [Server thread/INFO] [net.minecraft.server.MinecraftServer/]: ErinNyx fell from a high place
[25Aug2024 00:43:07.812] [Server thread/INFO] [net.minecraft.server.MinecraftServer/]: ErinNyx hit the ground too hard whilst trying to escape Skeleton
[25Aug2024 00:48:40.875] [Server thread/INFO] [net.minecraft.server.MinecraftServer/]: ErinNyx fell from a high place
[25Aug2024 00:49:22.841] [Server thread/INFO] [net.minecraft.server.MinecraftServer/]: ErinNyx was slain by Warden
[25Aug2024 00:49:49.674] [Server thread/INFO] [net.minecraft.server.MinecraftServer/]: ErinNyx fell from a high place
[25Aug2024 00:49:56.800] [Server thread/WARN] [net.minecraft.server.network.ServerGamePacketListenerImpl/]: ErinNyx moved too quickly! 1.0993848627788338,-10.516181541923913,1.1015831602761637
[25Aug2024 00:50:44.302] [Server thread/INFO] [net.minecraft.server.MinecraftServer/]: ErinNyx was slain by Warden
[25Aug2024 00:51:02.449] [Server thread/INFO] [net.minecraft.server.MinecraftServer/]: [George_with_a_J: Set the time to 1000]
[25Aug2024 00:52:14.890] [Server thread/INFO] [net.minecraft.server.MinecraftServer/]: ErinNyx was slain by Warden
[25Aug2024 00:53:07.891] [Server thread/INFO] [net.minecraft.server.MinecraftServer/]: ErinNyx was slain by Warden
[25Aug2024 00:53:38.089] [Server thread/INFO] [net.minecraft.server.MinecraftServer/]: George_with_a_J has made the advancement [The Parrots and the Bats]
[25Aug2024 00:53:38.420] [Server thread/INFO] [net.minecraft.server.MinecraftServer/]: ErinNyx was doomed to fall by Warden
[25Aug2024 00:54:06.940] [Server thread/INFO] [net.minecraft.server.MinecraftServer/]: ErinNyx was slain by Warden
[25Aug2024 00:54:37.148] [Server thread/INFO] [net.minecraft.server.MinecraftServer/]: ErinNyx was slain by Warden
[25Aug2024 00:55:01.293] [Server thread/INFO] [net.minecraft.server.MinecraftServer/]: ErinNyx was slain by Warden
[25Aug2024 00:55:24.796] [Server thread/INFO] [net.minecraft.server.MinecraftServer/]: ErinNyx was slain by Warden
[25Aug2024 00:55:53.239] [Server thread/INFO] [net.minecraft.server.MinecraftServer/]: ErinNyx was slain by Warden
[25Aug2024 00:56:16.939] [Server thread/INFO] [net.minecraft.server.MinecraftServer/]: ErinNyx was slain by Warden
[25Aug2024 00:56:43.290] [Server thread/INFO] [net.minecraft.server.MinecraftServer/]: ErinNyx was slain by Warden
[25Aug2024 00:57:08.691] [Server thread/INFO] [net.minecraft.server.MinecraftServer/]: ErinNyx was slain by Warden
[25Aug2024 00:57:22.547] [Server thread/INFO] [net.minecraft.server.MinecraftServer/]: [ErinNyx: The difficulty has been set to Peaceful]
[25Aug2024 00:57:33.593] [Server thread/INFO] [net.minecraft.server.MinecraftServer/]: [ErinNyx: The difficulty has been set to Normal]
[25Aug2024 00:58:45.101] [Server thread/INFO] [net.minecraft.server.MinecraftServer/]: [ErinNyx: The difficulty has been set to Peaceful]
[25Aug2024 00:58:47.248] [Server thread/INFO] [net.minecraft.server.MinecraftServer/]: [ErinNyx: The difficulty has been set to Normal]
[25Aug2024 01:00:46.707] [Server thread/INFO] [net.minecraft.server.MinecraftServer/]: [George_with_a_J: Set the time to 1000]
[25Aug2024 01:07:21.709] [Server thread/INFO] [net.minecraft.server.MinecraftServer/]: ErinNyx was killed
[25Aug2024 01:07:21.711] [Server thread/INFO] [net.minecraft.server.MinecraftServer/]: [ErinNyx: Killed ErinNyx]
[25Aug2024 01:09:20.460] [Server thread/INFO] [net.minecraft.server.MinecraftServer/]: ErinNyx was killed
[25Aug2024 01:09:20.462] [Server thread/INFO] [net.minecraft.server.MinecraftServer/]: [ErinNyx: Killed ErinNyx]
[25Aug2024 01:10:14.445] [Server thread/INFO] [net.minecraft.server.MinecraftServer/]: [George_with_a_J: Set the time to 1000]
[25Aug2024 01:11:30.191] [Server thread/INFO] [net.minecraft.server.MinecraftServer/]: [ErinNyx: Set the weather to clear]
[25Aug2024 01:11:45.452] [Server thread/INFO] [net.minecraft.server.MinecraftServer/]: George_with_a_J was killed
[25Aug2024 01:11:45.453] [Server thread/INFO] [net.minecraft.server.MinecraftServer/]: [ErinNyx: Killed George_with_a_J]
[25Aug2024 01:12:09.497] [Server thread/INFO] [net.minecraft.server.MinecraftServer/]: George_with_a_J was killed
[25Aug2024 01:12:09.498] [Server thread/INFO] [net.minecraft.server.MinecraftServer/]: [ErinNyx: Killed George_with_a_J]
[25Aug2024 01:17:57.500] [Server thread/INFO] [net.minecraft.server.MinecraftServer/]: ErinNyx was killed
[25Aug2024 01:17:57.502] [Server thread/INFO] [net.minecraft.server.MinecraftServer/]: [ErinNyx: Killed ErinNyx]
[25Aug2024 01:19:42.251] [Server thread/INFO] [net.minecraft.server.MinecraftServer/]: [ErinNyx: Set the time to 1000]
[25Aug2024 01:28:03.949] [Server thread/INFO] [net.minecraft.server.network.ServerGamePacketListenerImpl/]: ErinNyx lost connection: Disconnected
[25Aug2024 01:28:03.952] [Server thread/INFO] [net.minecraft.server.MinecraftServer/]: ErinNyx left the game
[25Aug2024 01:29:28.505] [Server thread/INFO] [net.minecraft.server.MinecraftServer/]: [George_with_a_J: Set the time to 1000]
[25Aug2024 01:38:07.653] [User Authenticator #4/INFO] [net.minecraft.server.network.ServerLoginPacketListenerImpl/]: UUID of player ErinNyx is dcf16763-b354-4553-a4f2-3f5efcb0b1ae
[25Aug2024 01:38:09.464] [Server thread/INFO] [net.minecraft.server.players.PlayerList/]: ErinNyx[/164.153.56.201:22943] logged in with entity id 70722 at (-925.6100983755159, 123.0, -1018.8605345645982)
[25Aug2024 01:38:09.508] [Server thread/INFO] [net.minecraft.server.MinecraftServer/]: ErinNyx joined the game
[25Aug2024 01:39:16.794] [Server thread/INFO] [net.minecraft.server.MinecraftServer/]: [ErinNyx: Set the time to 1000]
[25Aug2024 01:39:20.698] [Server thread/INFO] [net.minecraft.server.MinecraftServer/]: [George_with_a_J: Set the time to 1000]
[25Aug2024 01:40:07.726] [Server thread/INFO] [net.minecraft.server.MinecraftServer/]: <George_with_a_J> weather set clear
[25Aug2024 01:40:17.995] [Server thread/INFO] [net.minecraft.server.MinecraftServer/]: [ErinNyx: Set the weather to clear]
[25Aug2024 01:40:22.574] [Server thread/INFO] [net.minecraft.server.MinecraftServer/]: <ErinNyx> ./weather clear
[25Aug2024 01:40:23.454] [Server thread/INFO] [net.minecraft.server.MinecraftServer/]: <ErinNyx> btw
[25Aug2024 01:41:44.898] [Server thread/INFO] [net.minecraft.server.MinecraftServer/]: ErinNyx was killed
[25Aug2024 01:41:44.900] [Server thread/INFO] [net.minecraft.server.MinecraftServer/]: [ErinNyx: Killed ErinNyx]
[25Aug2024 01:49:00.178] [Server thread/INFO] [net.minecraft.server.MinecraftServer/]: [ErinNyx: Set the time to 1000]
[25Aug2024 01:58:12.751] [Server thread/INFO] [net.minecraft.server.MinecraftServer/]: [ErinNyx: Set the time to 1000]
[25Aug2024 02:07:03.013] [Server thread/INFO] [net.minecraft.server.MinecraftServer/]: ErinNyx was killed
[25Aug2024 02:07:03.014] [Server thread/INFO] [net.minecraft.server.MinecraftServer/]: [ErinNyx: Killed ErinNyx]
[25Aug2024 02:07:09.365] [Server thread/INFO] [net.minecraft.server.MinecraftServer/]: [George_with_a_J: Set the time to 1000]
[25Aug2024 02:13:12.507] [Server thread/INFO] [net.minecraft.server.MinecraftServer/]: ErinNyx was killed
[25Aug2024 02:13:12.509] [Server thread/INFO] [net.minecraft.server.MinecraftServer/]: [ErinNyx: Killed ErinNyx]
[25Aug2024 02:14:05.791] [Server thread/INFO] [net.minecraft.server.MinecraftServer/]: ErinNyx fell from a high place
[25Aug2024 02:16:57.745] [Server thread/INFO] [net.minecraft.server.MinecraftServer/]: ErinNyx has made the advancement [Sweet Dreams]
[25Aug2024 02:17:03.147] [Server thread/INFO] [net.minecraft.server.MinecraftServer/]: [ErinNyx: Set the time to 1000]
[25Aug2024 02:17:22.871] [Server thread/INFO] [net.minecraft.server.MinecraftServer/]: [ErinNyx: Set the weather to clear]
[25Aug2024 02:20:20.845] [Server thread/INFO] [net.minecraft.server.network.ServerGamePacketListenerImpl/]: George_with_a_J lost connection: Disconnected
[25Aug2024 02:20:20.846] [Server thread/INFO] [net.minecraft.server.MinecraftServer/]: George_with_a_J left the game
[25Aug2024 02:52:20.539] [Server thread/INFO] [net.minecraft.server.network.ServerGamePacketListenerImpl/]: ErinNyx lost connection: Disconnected
[25Aug2024 02:52:20.541] [Server thread/INFO] [net.minecraft.server.MinecraftServer/]: ErinNyx left the game
[25Aug2024 02:52:40.328] [User Authenticator #5/INFO] [net.minecraft.server.network.ServerLoginPacketListenerImpl/]: UUID of player George_with_a_J is 52acc3b7-4846-4f06-916e-c9c0b662fa79
[25Aug2024 02:52:42.059] [Server thread/INFO] [net.minecraft.server.players.PlayerList/]: George_with_a_J[/104.243.145.91:52522] logged in with entity id 96239 at (-376.5189809032225, 112.0, 290.42654782599396)
[25Aug2024 02:52:42.104] [Server thread/INFO] [net.minecraft.server.MinecraftServer/]: George_with_a_J joined the game
[25Aug2024 02:57:28.765] [Server thread/INFO] [net.minecraft.server.MinecraftServer/]: [George_with_a_J: Set the time to 1000]
[25Aug2024 03:07:21.180] [Server thread/INFO] [net.minecraft.server.MinecraftServer/]: [George_with_a_J: Set the time to 1000]
[25Aug2024 03:10:24.418] [Server thread/INFO] [net.minecraft.server.MinecraftServer/]: You whisper to George_with_a_J: gay
[25Aug2024 03:10:38.755] [Server thread/INFO] [net.minecraft.server.MinecraftServer/]: <George_with_a_J> Yup
[25Aug2024 03:10:40.846] [Server thread/INFO] [net.minecraft.server.MinecraftServer/]: You whisper to George_with_a_J: g a y
[25Aug2024 03:10:47.211] [Server thread/INFO] [net.minecraft.server.MinecraftServer/]: Unknown or incomplete command, see below for error
[25Aug2024 03:10:47.224] [Server thread/INFO] [net.minecraft.server.MinecraftServer/]: lol nice xD<--[HERE]
[25Aug2024 03:10:48.141] [Server thread/INFO] [net.minecraft.server.MinecraftServer/]: <George_with_a_J> I know
[25Aug2024 03:10:52.197] [Server thread/INFO] [net.minecraft.server.MinecraftServer/]: [Not Secure] [Server] lol nice xD
[25Aug2024 03:11:17.353] [Server thread/INFO] [net.minecraft.server.MinecraftServer/]: [Not Secure] [Server] the server is telling me these messages are not secure
[25Aug2024 03:11:25.593] [Server thread/INFO] [net.minecraft.server.MinecraftServer/]: [Not Secure] [Server] I'm sorry I outed you to the hackers
[25Aug2024 03:11:28.158] [Server thread/INFO] [net.minecraft.server.MinecraftServer/]: [Not Secure] [Server] my b
[25Aug2024 03:17:19.060] [Server thread/INFO] [net.minecraft.server.MinecraftServer/]: [George_with_a_J: Set the time to 1000]
[25Aug2024 03:27:15.425] [Server thread/INFO] [net.minecraft.server.MinecraftServer/]: [George_with_a_J: Set the time to 1000]
[25Aug2024 03:34:15.390] [Server thread/INFO] [net.minecraft.server.network.ServerGamePacketListenerImpl/]: George_with_a_J lost connection: Timed out
[25Aug2024 03:34:15.391] [Server thread/INFO] [net.minecraft.server.MinecraftServer/]: George_with_a_J left the game
[25Aug2024 03:34:15.450] [Server thread/WARN] [net.minecraft.network.Connection/]: handleDisconnection() called twice
[25Aug2024 03:34:27.099] [User Authenticator #6/INFO] [net.minecraft.server.network.ServerLoginPacketListenerImpl/]: UUID of player George_with_a_J is 52acc3b7-4846-4f06-916e-c9c0b662fa79
[25Aug2024 03:34:28.845] [Server thread/INFO] [net.minecraft.server.players.PlayerList/]: George_with_a_J[/104.243.145.91:52672] logged in with entity id 103562 at (-372.5810536803381, 112.0, 301.6097914446841)
[25Aug2024 03:34:28.879] [Server thread/INFO] [net.minecraft.server.MinecraftServer/]: George_with_a_J joined the game
[25Aug2024 03:35:20.100] [Server thread/INFO] [net.minecraft.server.MinecraftServer/]: [George_with_a_J: Gave 300 [Stone Bricks] to George_with_a_J]
[25Aug2024 03:36:53.544] [Server thread/INFO] [net.minecraft.server.MinecraftServer/]: [George_with_a_J: Set the time to 1000]
[25Aug2024 03:40:57.290] [Server thread/INFO] [net.minecraft.server.MinecraftServer/]: [George_with_a_J: Gave 300 [Stone Bricks] to George_with_a_J]
[25Aug2024 03:49:06.471] [Server thread/INFO] [net.minecraft.server.MinecraftServer/]: [George_with_a_J: Gave 300 [Stone Bricks] to George_with_a_J]
[25Aug2024 03:54:23.330] [Server thread/INFO] [net.minecraft.server.MinecraftServer/]: [George_with_a_J: Set the time to 1000]
[25Aug2024 03:56:45.528] [Server thread/INFO] [net.minecraft.server.MinecraftServer/]: [George_with_a_J: Gave 300 [Stone Bricks] to George_with_a_J]
[25Aug2024 04:03:43.343] [Server thread/INFO] [net.minecraft.server.MinecraftServer/]: [George_with_a_J: Set the time to 1000]
[25Aug2024 04:09:54.840] [Server thread/INFO] [net.minecraft.server.MinecraftServer/]: [George_with_a_J: Gave 300 [Stone Bricks] to George_with_a_J]
[25Aug2024 04:13:25.489] [Server thread/INFO] [net.minecraft.server.MinecraftServer/]: [George_with_a_J: Set the time to 1000]
[25Aug2024 04:22:58.943] [Server thread/INFO] [net.minecraft.server.MinecraftServer/]: [George_with_a_J: Set the time to 1000]
[25Aug2024 04:32:12.690] [Server thread/INFO] [net.minecraft.server.MinecraftServer/]: [George_with_a_J: Set the time to 1000]
[25Aug2024 04:41:43.591] [Server thread/INFO] [net.minecraft.server.MinecraftServer/]: [George_with_a_J: Set the time to 1000]
[25Aug2024 04:51:12.920] [Server thread/INFO] [net.minecraft.server.MinecraftServer/]: [George_with_a_J: Set the time to 1000]
[25Aug2024 05:00:27.054] [Server thread/INFO] [net.minecraft.server.MinecraftServer/]: [George_with_a_J: Set the time to 1000]
[25Aug2024 05:10:14.677] [Server thread/INFO] [net.minecraft.server.MinecraftServer/]: [George_with_a_J: Set the time to 1000]
[25Aug2024 05:15:29.190] [Server thread/INFO] [net.minecraft.server.network.ServerGamePacketListenerImpl/]: George_with_a_J lost connection: Disconnected
[25Aug2024 05:15:29.191] [Server thread/INFO] [net.minecraft.server.MinecraftServer/]: George_with_a_J left the game
[25Aug2024 14:55:06.755] [User Authenticator #7/INFO] [net.minecraft.server.network.ServerLoginPacketListenerImpl/]: UUID of player George_with_a_J is 52acc3b7-4846-4f06-916e-c9c0b662fa79
[25Aug2024 14:55:08.597] [Server thread/INFO] [net.minecraft.server.players.PlayerList/]: George_with_a_J[/104.243.145.91:53411] logged in with entity id 124683 at (-395.632882982677, 112.0, 285.07425884327165)
[25Aug2024 14:55:08.641] [Server thread/INFO] [net.minecraft.server.MinecraftServer/]: George_with_a_J joined the game
[25Aug2024 15:09:32.920] [Server thread/INFO] [net.minecraft.server.MinecraftServer/]: [George_with_a_J: Gave 6 [Cooked Porkchop] to George_with_a_J]
[25Aug2024 15:19:56.996] [Server thread/INFO] [net.minecraft.server.MinecraftServer/]: [George_with_a_J: Set the time to 1000]
[25Aug2024 15:29:26.794] [Server thread/INFO] [net.minecraft.server.MinecraftServer/]: [George_with_a_J: Set the time to 1000]
[25Aug2024 15:39:04.470] [Server thread/INFO] [net.minecraft.server.MinecraftServer/]: [George_with_a_J: Set the time to 1000]
[25Aug2024 15:48:48.314] [Server thread/INFO] [net.minecraft.server.MinecraftServer/]: [George_with_a_J: Set the time to 1000]
[25Aug2024 15:59:17.350] [Server thread/INFO] [net.minecraft.server.MinecraftServer/]: [George_with_a_J: Set the time to 1000]
[25Aug2024 16:48:44.778] [Server thread/INFO] [net.minecraft.server.MinecraftServer/]: [George_with_a_J: Set the time to 1000]
[25Aug2024 16:58:19.919] [Server thread/INFO] [net.minecraft.server.MinecraftServer/]: [George_with_a_J: Set the time to 1000]
[25Aug2024 17:08:21.110] [Server thread/INFO] [net.minecraft.server.MinecraftServer/]: [George_with_a_J: Set the time to 1000]
[25Aug2024 17:45:44.180] [Server thread/WARN] [net.minecraft.server.network.ServerGamePacketListenerImpl/]: George_with_a_J moved too quickly! -2.725361270670305,0.604424101326714,9.90681442067472
[25Aug2024 17:45:48.194] [Server thread/WARN] [net.minecraft.server.network.ServerGamePacketListenerImpl/]: George_with_a_J was kicked for floating too long!
[25Aug2024 17:45:48.244] [Server thread/INFO] [net.minecraft.server.network.ServerGamePacketListenerImpl/]: George_with_a_J lost connection: Flying is not enabled on this server
[25Aug2024 17:45:48.244] [Server thread/INFO] [net.minecraft.server.MinecraftServer/]: George_with_a_J left the game
[25Aug2024 17:46:14.010] [User Authenticator #8/INFO] [net.minecraft.server.network.ServerLoginPacketListenerImpl/]: UUID of player George_with_a_J is 52acc3b7-4846-4f06-916e-c9c0b662fa79
[25Aug2024 17:46:15.693] [Server thread/INFO] [net.minecraft.server.players.PlayerList/]: George_with_a_J[/104.243.145.91:53810] logged in with entity id 155462 at (-375.5455506554923, 113.17675927506424, 300.78645575047165)
[25Aug2024 17:46:15.717] [Server thread/INFO] [net.minecraft.server.MinecraftServer/]: George_with_a_J joined the game
[25Aug2024 17:56:19.210] [Server thread/INFO] [net.minecraft.server.MinecraftServer/]: [George_with_a_J: Gamerule keepInventory is now set to: true]
[25Aug2024 18:15:55.862] [Server thread/INFO] [net.minecraft.server.MinecraftServer/]: [George_with_a_J: Set the time to 1000]
[25Aug2024 18:25:17.451] [Server thread/INFO] [net.minecraft.server.MinecraftServer/]: [George_with_a_J: Set the time to 1000]
[25Aug2024 18:35:05.497] [Server thread/INFO] [net.minecraft.server.MinecraftServer/]: [George_with_a_J: Set the time to 1000]
[25Aug2024 18:44:29.200] [Server thread/INFO] [net.minecraft.server.MinecraftServer/]: [George_with_a_J: Set the time to 1000]
[25Aug2024 18:53:39.596] [Server thread/INFO] [net.minecraft.server.MinecraftServer/]: [George_with_a_J: Set the time to 1000]
[25Aug2024 19:03:03.515] [Server thread/INFO] [net.minecraft.server.MinecraftServer/]: [George_with_a_J: Set the time to 1000]
[25Aug2024 19:12:30.168] [Server thread/INFO] [net.minecraft.server.MinecraftServer/]: [George_with_a_J: Set the time to 1000]
[25Aug2024 19:15:19.851] [Server thread/WARN] [net.minecraft.server.MinecraftServer/]: Can't keep up! Is the server overloaded? Running 38620ms or 772 ticks behind
[25Aug2024 19:15:19.887] [Server thread/INFO] [net.minecraft.server.network.ServerGamePacketListenerImpl/]: George_with_a_J lost connection: Disconnected
[25Aug2024 19:15:19.888] [Server thread/INFO] [net.minecraft.server.MinecraftServer/]: George_with_a_J left the game
[25Aug2024 19:15:46.931] [Server thread/INFO] [net.minecraft.server.network.ServerLoginPacketListenerImpl/]: com.mojang.authlib.GameProfile@5b2027d[id=<null>,name=George_with_a_J,properties={},legacy=false] (/104.243.145.91:54129) lost connection: Disconnected
[25Aug2024 19:15:57.390] [User Authenticator #9/INFO] [net.minecraft.server.network.ServerLoginPacketListenerImpl/]: UUID of player George_with_a_J is 52acc3b7-4846-4f06-916e-c9c0b662fa79
[25Aug2024 19:15:59.177] [Server thread/INFO] [net.minecraft.server.players.PlayerList/]: George_with_a_J[/104.243.145.91:54130] logged in with entity id 180911 at (-3062.9294868649267, 60.0, -484.49246811421733)
[25Aug2024 19:15:59.327] [Server thread/INFO] [net.minecraft.server.MinecraftServer/]: George_with_a_J joined the game
[25Aug2024 19:16:01.726] [Server thread/WARN] [net.minecraft.server.MinecraftServer/]: Can't keep up! Is the server overloaded? Running 2545ms or 50 ticks behind
[25Aug2024 19:21:31.688] [Server thread/INFO] [net.minecraft.server.MinecraftServer/]: George_with_a_J drowned
[25Aug2024 19:34:15.800] [Server thread/INFO] [net.minecraft.server.MinecraftServer/]: [George_with_a_J: Set the time to 1000]
[25Aug2024 19:44:21.905] [Server thread/INFO] [net.minecraft.server.MinecraftServer/]: [George_with_a_J: Set the time to 1000]
[25Aug2024 19:54:03.638] [Server thread/INFO] [net.minecraft.server.network.ServerGamePacketListenerImpl/]: George_with_a_J lost connection: Disconnected
[25Aug2024 19:54:03.639] [Server thread/INFO] [net.minecraft.server.MinecraftServer/]: George_with_a_J left the game
[25Aug2024 21:41:08.761] [User Authenticator #10/INFO] [net.minecraft.server.network.ServerLoginPacketListenerImpl/]: UUID of player George_with_a_J is 52acc3b7-4846-4f06-916e-c9c0b662fa79
[25Aug2024 21:41:10.707] [Server thread/INFO] [net.minecraft.server.players.PlayerList/]: George_with_a_J[/104.243.145.91:54563] logged in with entity id 188884 at (-376.706833248593, 112.0, 321.21356776724593)
[25Aug2024 21:41:10.745] [Server thread/INFO] [net.minecraft.server.MinecraftServer/]: George_with_a_J joined the game
[25Aug2024 21:41:31.961] [Server thread/INFO] [net.minecraft.server.MinecraftServer/]: [George_with_a_J: Set the time to 1000]
[25Aug2024 21:50:03.537] [User Authenticator #11/INFO] [net.minecraft.server.network.ServerLoginPacketListenerImpl/]: UUID of player ErinNyx is dcf16763-b354-4553-a4f2-3f5efcb0b1ae
[25Aug2024 21:50:05.405] [Server thread/INFO] [net.minecraft.server.players.PlayerList/]: ErinNyx[/164.153.56.201:23083] logged in with entity id 191099 at (-1381.326480546995, 115.875, -670.4621549754403)
[25Aug2024 21:50:05.431] [Server thread/INFO] [net.minecraft.server.MinecraftServer/]: ErinNyx joined the game
[25Aug2024 21:50:19.452] [Server thread/INFO] [net.minecraft.server.MinecraftServer/]: [ErinNyx: Set own game mode to Spectator Mode]
[25Aug2024 21:50:49.296] [Server thread/INFO] [net.minecraft.server.MinecraftServer/]: [ErinNyx: Set the time to 1000]
[25Aug2024 21:52:17.257] [Server thread/INFO] [net.minecraft.server.MinecraftServer/]: [ErinNyx: Set own game mode to Survival Mode]
[25Aug2024 22:00:54.111] [Server thread/INFO] [net.minecraft.server.MinecraftServer/]: [George_with_a_J: Set the time to 1000]
[25Aug2024 22:01:13.668] [Server thread/INFO] [net.minecraft.server.MinecraftServer/]: [ErinNyx: Set own game mode to Creative Mode]
[25Aug2024 22:01:56.515] [Server thread/INFO] [net.minecraft.server.MinecraftServer/]: [ErinNyx: Set own game mode to Survival Mode]
[25Aug2024 22:16:43.602] [Server thread/INFO] [net.minecraft.server.MinecraftServer/]: ErinNyx was blown up by Creeper
[25Aug2024 22:16:52.519] [Server thread/INFO] [net.minecraft.server.MinecraftServer/]: [ErinNyx: Set the time to 1000]
[25Aug2024 22:18:11.842] [Server thread/INFO] [net.minecraft.server.MinecraftServer/]: ErinNyx has made the advancement [We Need to Go Deeper]
[25Aug2024 22:18:14.257] [Server thread/WARN] [net.minecraft.server.MinecraftServer/]: Can't keep up! Is the server overloaded? Running 6576ms or 131 ticks behind
[25Aug2024 22:23:07.512] [Server thread/INFO] [net.minecraft.server.MinecraftServer/]: ErinNyx tried to swim in lava
[25Aug2024 22:24:44.579] [Server thread/INFO] [net.minecraft.server.MinecraftServer/]: ErinNyx fell from a high place
[25Aug2024 22:27:07.600] [Server thread/INFO] [net.minecraft.server.MinecraftServer/]: [George_with_a_J: Set the time to 1000]
[25Aug2024 22:37:13.753] [Server thread/INFO] [net.minecraft.server.MinecraftServer/]: [ErinNyx: Teleported ErinNyx to George_with_a_J]
[25Aug2024 22:37:32.052] [Server thread/INFO] [net.minecraft.server.MinecraftServer/]: [ErinNyx: Set own game mode to Creative Mode]
[25Aug2024 22:39:29.753] [Server thread/INFO] [net.minecraft.server.MinecraftServer/]: [ErinNyx: Set own game mode to Survival Mode]
[25Aug2024 22:43:04.042] [Server thread/INFO] [net.minecraft.server.MinecraftServer/]: ErinNyx was slain by Enderman
[25Aug2024 22:43:14.634] [Server thread/INFO] [net.minecraft.server.MinecraftServer/]: [ErinNyx: Set the time to 1000]
[25Aug2024 22:52:46.198] [Server thread/INFO] [net.minecraft.server.MinecraftServer/]: ErinNyx tried to swim in lava to escape Zombie
[25Aug2024 22:52:54.256] [Server thread/INFO] [net.minecraft.server.MinecraftServer/]: [ErinNyx: Set the time to 1000]
[25Aug2024 22:54:43.254] [Server thread/INFO] [net.minecraft.server.MinecraftServer/]: [ErinNyx: Set the time to 13000]
[25Aug2024 23:02:42.254] [Server thread/INFO] [net.minecraft.server.MinecraftServer/]: [ErinNyx: Set the time to 13000]
[25Aug2024 23:07:34.446] [Server thread/INFO] [net.minecraft.server.MinecraftServer/]: ErinNyx was slain by Enderman
[25Aug2024 23:07:42.758] [Server thread/INFO] [net.minecraft.server.MinecraftServer/]: [ErinNyx: Teleported ErinNyx to George_with_a_J]
[25Aug2024 23:08:02.489] [Server thread/INFO] [net.minecraft.server.MinecraftServer/]: ErinNyx was slain by Enderman
[25Aug2024 23:08:25.260] [Server thread/INFO] [net.minecraft.server.MinecraftServer/]: [ErinNyx: Teleported ErinNyx to George_with_a_J]
[25Aug2024 23:10:04.176] [Server thread/INFO] [net.minecraft.server.MinecraftServer/]: [ErinNyx: Teleported ErinNyx to George_with_a_J]
[25Aug2024 23:10:45.658] [Server thread/INFO] [net.minecraft.server.MinecraftServer/]: [ErinNyx: Set the time to 1000]
[25Aug2024 23:11:25.523] [Server thread/INFO] [net.minecraft.server.MinecraftServer/]: ErinNyx was killed
[25Aug2024 23:11:25.523] [Server thread/INFO] [net.minecraft.server.MinecraftServer/]: [ErinNyx: Killed ErinNyx]
[25Aug2024 23:11:49.743] [Server thread/INFO] [net.minecraft.server.MinecraftServer/]: [ErinNyx: Set own game mode to Spectator Mode]
[25Aug2024 23:13:21.277] [Server thread/INFO] [net.minecraft.server.MinecraftServer/]: [ErinNyx: Teleported ErinNyx to George_with_a_J]
[25Aug2024 23:17:51.255] [Server thread/INFO] [net.minecraft.server.MinecraftServer/]: [ErinNyx: Set own game mode to Survival Mode]
[25Aug2024 23:19:47.965] [Server thread/INFO] [net.minecraft.server.MinecraftServer/]: ErinNyx fell from a high place
[25Aug2024 23:19:55.268] [Server thread/INFO] [net.minecraft.server.MinecraftServer/]: [ErinNyx: Set own game mode to Spectator Mode]
[25Aug2024 23:20:00.242] [Server thread/INFO] [net.minecraft.server.MinecraftServer/]: [ErinNyx: Set the time to 1000]
[25Aug2024 23:23:25.298] [Server thread/INFO] [net.minecraft.server.MinecraftServer/]: [ErinNyx: Set own game mode to Survival Mode]
[25Aug2024 23:29:08.751] [Server thread/INFO] [net.minecraft.server.network.ServerGamePacketListenerImpl/]: George_with_a_J lost connection: Disconnected
[25Aug2024 23:29:08.753] [Server thread/INFO] [net.minecraft.server.MinecraftServer/]: George_with_a_J left the game
[25Aug2024 23:33:17.507] [Server thread/INFO] [net.minecraft.server.MinecraftServer/]: [ErinNyx: Set the time to 1000]
[25Aug2024 23:40:48.562] [Server thread/INFO] [net.minecraft.server.MinecraftServer/]: ErinNyx was killed
[25Aug2024 23:40:48.564] [Server thread/INFO] [net.minecraft.server.MinecraftServer/]: [ErinNyx: Killed ErinNyx]
[25Aug2024 23:48:24.839] [Server thread/INFO] [net.minecraft.server.network.ServerGamePacketListenerImpl/]: ErinNyx lost connection: Disconnected
[25Aug2024 23:48:24.840] [Server thread/INFO] [net.minecraft.server.MinecraftServer/]: ErinNyx left the game
[25Aug2024 23:51:49.231] [Server thread/INFO] [net.minecraft.server.MinecraftServer/]: Stopping server
[25Aug2024 23:51:49.231] [Server thread/INFO] [net.minecraft.server.MinecraftServer/]: Saving players
[25Aug2024 23:51:49.231] [Server thread/INFO] [net.minecraft.server.MinecraftServer/]: Saving worlds
[25Aug2024 23:51:49.621] [Server thread/INFO] [net.minecraft.server.MinecraftServer/]: Saving chunks for level 'ServerLevel[world]'/minecraft:overworld
[25Aug2024 23:51:51.893] [Server thread/INFO] [net.minecraft.server.MinecraftServer/]: Saving chunks for level 'ServerLevel[world]'/minecraft:the_nether
[25Aug2024 23:51:51.898] [Server thread/INFO] [net.minecraft.server.MinecraftServer/]: Saving chunks for level 'ServerLevel[world]'/minecraft:the_end
[25Aug2024 23:51:51.920] [Server thread/INFO] [net.minecraft.server.MinecraftServer/]: ThreadedAnvilChunkStorage (world): All chunks are saved
[25Aug2024 23:51:51.921] [Server thread/INFO] [net.minecraft.server.MinecraftServer/]: ThreadedAnvilChunkStorage (DIM-1): All chunks are saved
[25Aug2024 23:51:51.921] [Server thread/INFO] [net.minecraft.server.MinecraftServer/]: ThreadedAnvilChunkStorage (DIM1): All chunks are saved
[25Aug2024 23:51:51.921] [Server thread/INFO] [net.minecraft.server.MinecraftServer/]: ThreadedAnvilChunkStorage: All dimensions are saved
